<?xml version="1.0" encoding="UTF-8"?>
<testsuite name="dao.DaoControllerTest" tests="2" skipped="0" failures="0" errors="0" timestamp="2020-08-30T14:38:20" hostname="DESKTOP-L5O6DA4" time="0.192">
  <properties/>
  <testcase name="testInit" classname="dao.DaoControllerTest" time="0.126"/>
  <testcase name="testInvokeCollectionInfoWorker" classname="dao.DaoControllerTest" time="0.066"/>
  <system-out><![CDATA[ClassLoadingInfoWorker invoked
HeapMemoryInfoWorker invoked
RunTimeInfoWorker invoked
ThreadInfoWorker invoked
]]></system-out>
  <system-err><![CDATA[]]></system-err>
</testsuite>
