<?xml version="1.0" encoding="UTF-8"?>
<testsuite name="dao.DaoControllerTest" tests="1" skipped="0" failures="0" errors="0" timestamp="2020-08-29T23:24:03" hostname="DESKTOP-L5O6DA4" time="0.201">
  <properties/>
  <testcase name="testInit" classname="dao.DaoControllerTest" time="0.201"/>
  <system-out><![CDATA[]]></system-out>
  <system-err><![CDATA[]]></system-err>
</testsuite>
